<?xml version="1.0" encoding="UTF-8" ?>
<testsuite tests="3" failures="3" name="TestDrivenDev.TestPrimeNo" time="0.005" errors="0" skipped="0">
  <properties>
[...]
</properties>
  <testcase classname="TestDrivenDev.TestPrimeNo" name="TestDrivenDev.TestPrimeNo.testEven" time="0.005">
    <failure message="org/junit/Assert" type="java.lang.NoClassDefFoundError">java.lang.NoClassDefFoundError: org/junit/Assert
	at TestDrivenDev.TestPrimeNo.testEven(TestPrimeNo.java:23)
Caused by: java.lang.ClassNotFoundException: org.junit.Assert
	at java.base/jdk.internal.loader.BuiltinClassLoader.loadClass(BuiltinClassLoader.java:583)
	at java.base/jdk.internal.loader.ClassLoaders$AppClassLoader.loadClass(ClassLoaders.java:178)
	at java.base/java.lang.ClassLoader.loadClass(ClassLoader.java:521)
	... 19 more
</failure>
  </testcase>
  <testcase classname="TestDrivenDev.TestPrimeNo" name="TestDrivenDev.TestPrimeNo.testPrimeNo" time="0">
    <failure message="org/junit/Assert" type="java.lang.NoClassDefFoundError">java.lang.NoClassDefFoundError: org/junit/Assert
	at TestDrivenDev.TestPrimeNo.testPrimeNo(TestPrimeNo.java:17)
</failure>
  </testcase>
  <testcase classname="TestDrivenDev.TestPrimeNo" name="TestDrivenDev.TestPrimeNo.test2Plus2" time="0">
    <failure message="org/junit/Assert" type="java.lang.NoClassDefFoundError">java.lang.NoClassDefFoundError: org/junit/Assert
	at TestDrivenDev.TestPrimeNo.test2Plus2(TestPrimeNo.java:31)
</failure>
  </testcase>
</testsuite>